<?xml version="1.0" encoding="UTF-8"?>
<!-- Generated by org.testng.reporters.JUnitXMLReporter -->
<testsuite hostname="DESKTOP-5FCGI5N" ignored="0" name="ParabenMaven" tests="2" failures="0" timestamp="2023-06-27T22:32:59 BST" time="16.682" errors="0">
  <testcase name="userShouldRegisterAccountSuccessfully" time="2.191" classname="com.paraben.testsuite.RegisterPage"/>
  <testcase name="verifyThatSigningUpPageDisplay" time="0.411" classname="com.paraben.testsuite.RegisterPage"/>
</testsuite> <!-- ParabenMaven -->
