<?xml version="1.0" encoding="UTF-8"?>
<testng-results skipped="0" failed="1" ignored="0" total="6" passed="5">
  <reporter-output>
    <line>
      <![CDATA[Job Title:Tester]]>
    </line>
    <line>
      <![CDATA[LocationBy.id: location]]>
    </line>
    <line>
      <![CDATA[Distance DropDown MethodBy.id: distance]]>
    </line>
    <line>
      <![CDATA[More Search option Link MethodBy.cssSelector: div.hp-search-more>#toggle-hp-search]]>
    </line>
    <line>
      <![CDATA[salary min30000]]>
    </line>
    <line>
      <![CDATA[salary Max50000]]>
    </line>
    <line>
      <![CDATA[salary type dropdown methodPer annum]]>
    </line>
    <line>
      <![CDATA[Select Job TypePermanent]]>
    </line>
    <line>
      <![CDATA[Result TextBy.cssSelector: h1.search-header__title]]>
    </line>
    <line>
      <![CDATA[Job Title:Software Test Engineer]]>
    </line>
    <line>
      <![CDATA[LocationBy.id: location]]>
    </line>
    <line>
      <![CDATA[Distance DropDown MethodBy.id: distance]]>
    </line>
    <line>
      <![CDATA[More Search option Link MethodBy.cssSelector: div.hp-search-more>#toggle-hp-search]]>
    </line>
    <line>
      <![CDATA[salary min30000]]>
    </line>
    <line>
      <![CDATA[salary Max50000]]>
    </line>
    <line>
      <![CDATA[salary type dropdown methodPer annum]]>
    </line>
    <line>
      <![CDATA[Select Job TypePermanent]]>
    </line>
    <line>
      <![CDATA[Result TextBy.cssSelector: h1.search-header__title]]>
    </line>
    <line>
      <![CDATA[Job Title:Test Engineer]]>
    </line>
    <line>
      <![CDATA[LocationBy.id: location]]>
    </line>
    <line>
      <![CDATA[Distance DropDown MethodBy.id: distance]]>
    </line>
    <line>
      <![CDATA[More Search option Link MethodBy.cssSelector: div.hp-search-more>#toggle-hp-search]]>
    </line>
    <line>
      <![CDATA[salary min30000]]>
    </line>
    <line>
      <![CDATA[salary Max50000]]>
    </line>
    <line>
      <![CDATA[salary type dropdown methodPer annum]]>
    </line>
    <line>
      <![CDATA[Select Job TypePermanent]]>
    </line>
    <line>
      <![CDATA[Result TextBy.cssSelector: h1.search-header__title]]>
    </line>
    <line>
      <![CDATA[Job Title:Test Analyst]]>
    </line>
    <line>
      <![CDATA[LocationBy.id: location]]>
    </line>
    <line>
      <![CDATA[Distance DropDown MethodBy.id: distance]]>
    </line>
    <line>
      <![CDATA[More Search option Link MethodBy.cssSelector: div.hp-search-more>#toggle-hp-search]]>
    </line>
    <line>
      <![CDATA[salary min30000]]>
    </line>
    <line>
      <![CDATA[salary Max50000]]>
    </line>
    <line>
      <![CDATA[salary type dropdown methodPer annum]]>
    </line>
    <line>
      <![CDATA[Select Job TypePermanent]]>
    </line>
    <line>
      <![CDATA[Result TextBy.cssSelector: h1.search-header__title]]>
    </line>
    <line>
      <![CDATA[Job Title:Qa Engineer]]>
    </line>
    <line>
      <![CDATA[LocationBy.id: location]]>
    </line>
    <line>
      <![CDATA[Distance DropDown MethodBy.id: distance]]>
    </line>
    <line>
      <![CDATA[More Search option Link MethodBy.cssSelector: div.hp-search-more>#toggle-hp-search]]>
    </line>
    <line>
      <![CDATA[salary min30000]]>
    </line>
    <line>
      <![CDATA[salary Max50000]]>
    </line>
    <line>
      <![CDATA[salary type dropdown methodPer annum]]>
    </line>
    <line>
      <![CDATA[Select Job TypePermanent]]>
    </line>
    <line>
      <![CDATA[Result TextBy.cssSelector: h1.search-header__title]]>
    </line>
    <line>
      <![CDATA[Job Title:Automation Tester]]>
    </line>
    <line>
      <![CDATA[LocationBy.id: location]]>
    </line>
    <line>
      <![CDATA[Distance DropDown MethodBy.id: distance]]>
    </line>
    <line>
      <![CDATA[More Search option Link MethodBy.cssSelector: div.hp-search-more>#toggle-hp-search]]>
    </line>
    <line>
      <![CDATA[salary min30000]]>
    </line>
    <line>
      <![CDATA[salary Max50000]]>
    </line>
    <line>
      <![CDATA[salary type dropdown methodPer annum]]>
    </line>
    <line>
      <![CDATA[Select Job TypePermanent]]>
    </line>
    <line>
      <![CDATA[Result TextBy.cssSelector: h1.search-header__title]]>
    </line>
  </reporter-output>
  <suite name="testsuite" duration-ms="297992" started-at="2023-06-27T20:44:00 BST" finished-at="2023-06-27T20:48:58 BST">
    <groups>
    </groups>
    <test name="Login Test" duration-ms="297992" started-at="2023-06-27T20:44:00 BST" finished-at="2023-06-27T20:48:58 BST">
      <class name="com.cvlibrary.demo.testsuite.JobSearchTest">
        <test-method status="PASS" signature="setUp()[pri:0, instance:com.cvlibrary.demo.testsuite.JobSearchTest@6895a785]" name="setUp" is-config="true" duration-ms="10593" started-at="2023-06-27T20:44:00 BST" finished-at="2023-06-27T20:44:11 BST">
          <reporter-output>
          </reporter-output>
        </test-method> <!-- setUp -->
        <test-method status="PASS" signature="verifyJobSearchResultUsingDifferentDataSet(java.lang.String,java.lang.String,java.lang.String,java.lang.String,java.lang.String,java.lang.String,java.lang.String,java.lang.String)[pri:0, instance:com.cvlibrary.demo.testsuite.JobSearchTest@6895a785]" name="verifyJobSearchResultUsingDifferentDataSet" duration-ms="52123" started-at="2023-06-27T20:44:11 BST" data-provider="jobdata" finished-at="2023-06-27T20:45:03 BST">
          <params>
            <param index="0">
              <value>
                <![CDATA[Tester]]>
              </value>
            </param>
            <param index="1">
              <value>
                <![CDATA[Harrow]]>
              </value>
            </param>
            <param index="2">
              <value>
                <![CDATA[5 miles]]>
              </value>
            </param>
            <param index="3">
              <value>
                <![CDATA[30000]]>
              </value>
            </param>
            <param index="4">
              <value>
                <![CDATA[50000]]>
              </value>
            </param>
            <param index="5">
              <value>
                <![CDATA[Per annum]]>
              </value>
            </param>
            <param index="6">
              <value>
                <![CDATA[Permanent]]>
              </value>
            </param>
            <param index="7">
              <value>
                <![CDATA[Permanent Tester jobs in Harrow]]>
              </value>
            </param>
          </params>
          <reporter-output>
            <line>
              <![CDATA[Job Title:Tester]]>
            </line>
            <line>
              <![CDATA[LocationBy.id: location]]>
            </line>
            <line>
              <![CDATA[Distance DropDown MethodBy.id: distance]]>
            </line>
            <line>
              <![CDATA[More Search option Link MethodBy.cssSelector: div.hp-search-more>#toggle-hp-search]]>
            </line>
            <line>
              <![CDATA[salary min30000]]>
            </line>
            <line>
              <![CDATA[salary Max50000]]>
            </line>
            <line>
              <![CDATA[salary type dropdown methodPer annum]]>
            </line>
            <line>
              <![CDATA[Select Job TypePermanent]]>
            </line>
            <line>
              <![CDATA[Result TextBy.cssSelector: h1.search-header__title]]>
            </line>
          </reporter-output>
        </test-method> <!-- verifyJobSearchResultUsingDifferentDataSet -->
        <test-method status="PASS" signature="tearDown()[pri:0, instance:com.cvlibrary.demo.testsuite.JobSearchTest@6895a785]" name="tearDown" is-config="true" duration-ms="1307" started-at="2023-06-27T20:45:03 BST" finished-at="2023-06-27T20:45:04 BST">
          <reporter-output>
          </reporter-output>
        </test-method> <!-- tearDown -->
        <test-method status="PASS" signature="setUp()[pri:0, instance:com.cvlibrary.demo.testsuite.JobSearchTest@6895a785]" name="setUp" is-config="true" duration-ms="5502" started-at="2023-06-27T20:45:04 BST" finished-at="2023-06-27T20:45:10 BST">
          <reporter-output>
          </reporter-output>
        </test-method> <!-- setUp -->
        <test-method status="PASS" signature="verifyJobSearchResultUsingDifferentDataSet(java.lang.String,java.lang.String,java.lang.String,java.lang.String,java.lang.String,java.lang.String,java.lang.String,java.lang.String)[pri:0, instance:com.cvlibrary.demo.testsuite.JobSearchTest@6895a785]" name="verifyJobSearchResultUsingDifferentDataSet" duration-ms="35028" started-at="2023-06-27T20:45:10 BST" data-provider="jobdata" finished-at="2023-06-27T20:45:45 BST">
          <params>
            <param index="0">
              <value>
                <![CDATA[Software Test Engineer]]>
              </value>
            </param>
            <param index="1">
              <value>
                <![CDATA[Harrow on the Hill, Greater London]]>
              </value>
            </param>
            <param index="2">
              <value>
                <![CDATA[5 miles]]>
              </value>
            </param>
            <param index="3">
              <value>
                <![CDATA[30000]]>
              </value>
            </param>
            <param index="4">
              <value>
                <![CDATA[50000]]>
              </value>
            </param>
            <param index="5">
              <value>
                <![CDATA[Per annum]]>
              </value>
            </param>
            <param index="6">
              <value>
                <![CDATA[Permanent]]>
              </value>
            </param>
            <param index="7">
              <value>
                <![CDATA[Permanent Software Test Engineer jobs in Harrow on the Hill]]>
              </value>
            </param>
          </params>
          <reporter-output>
            <line>
              <![CDATA[Job Title:Software Test Engineer]]>
            </line>
            <line>
              <![CDATA[LocationBy.id: location]]>
            </line>
            <line>
              <![CDATA[Distance DropDown MethodBy.id: distance]]>
            </line>
            <line>
              <![CDATA[More Search option Link MethodBy.cssSelector: div.hp-search-more>#toggle-hp-search]]>
            </line>
            <line>
              <![CDATA[salary min30000]]>
            </line>
            <line>
              <![CDATA[salary Max50000]]>
            </line>
            <line>
              <![CDATA[salary type dropdown methodPer annum]]>
            </line>
            <line>
              <![CDATA[Select Job TypePermanent]]>
            </line>
            <line>
              <![CDATA[Result TextBy.cssSelector: h1.search-header__title]]>
            </line>
          </reporter-output>
        </test-method> <!-- verifyJobSearchResultUsingDifferentDataSet -->
        <test-method status="PASS" signature="tearDown()[pri:0, instance:com.cvlibrary.demo.testsuite.JobSearchTest@6895a785]" name="tearDown" is-config="true" duration-ms="967" started-at="2023-06-27T20:45:45 BST" finished-at="2023-06-27T20:45:46 BST">
          <reporter-output>
          </reporter-output>
        </test-method> <!-- tearDown -->
        <test-method status="PASS" signature="setUp()[pri:0, instance:com.cvlibrary.demo.testsuite.JobSearchTest@6895a785]" name="setUp" is-config="true" duration-ms="4060" started-at="2023-06-27T20:45:46 BST" finished-at="2023-06-27T20:45:50 BST">
          <reporter-output>
          </reporter-output>
        </test-method> <!-- setUp -->
        <test-method status="PASS" signature="verifyJobSearchResultUsingDifferentDataSet(java.lang.String,java.lang.String,java.lang.String,java.lang.String,java.lang.String,java.lang.String,java.lang.String,java.lang.String)[pri:0, instance:com.cvlibrary.demo.testsuite.JobSearchTest@6895a785]" name="verifyJobSearchResultUsingDifferentDataSet" duration-ms="40696" started-at="2023-06-27T20:45:50 BST" data-provider="jobdata" finished-at="2023-06-27T20:46:31 BST">
          <params>
            <param index="0">
              <value>
                <![CDATA[Test Engineer]]>
              </value>
            </param>
            <param index="1">
              <value>
                <![CDATA[Stanmore, Greater London]]>
              </value>
            </param>
            <param index="2">
              <value>
                <![CDATA[5 miles]]>
              </value>
            </param>
            <param index="3">
              <value>
                <![CDATA[30000]]>
              </value>
            </param>
            <param index="4">
              <value>
                <![CDATA[50000]]>
              </value>
            </param>
            <param index="5">
              <value>
                <![CDATA[Per annum]]>
              </value>
            </param>
            <param index="6">
              <value>
                <![CDATA[Permanent]]>
              </value>
            </param>
            <param index="7">
              <value>
                <![CDATA[Permanent Test Engineer jobs in Stanmore]]>
              </value>
            </param>
          </params>
          <reporter-output>
            <line>
              <![CDATA[Job Title:Test Engineer]]>
            </line>
            <line>
              <![CDATA[LocationBy.id: location]]>
            </line>
            <line>
              <![CDATA[Distance DropDown MethodBy.id: distance]]>
            </line>
            <line>
              <![CDATA[More Search option Link MethodBy.cssSelector: div.hp-search-more>#toggle-hp-search]]>
            </line>
            <line>
              <![CDATA[salary min30000]]>
            </line>
            <line>
              <![CDATA[salary Max50000]]>
            </line>
            <line>
              <![CDATA[salary type dropdown methodPer annum]]>
            </line>
            <line>
              <![CDATA[Select Job TypePermanent]]>
            </line>
            <line>
              <![CDATA[Result TextBy.cssSelector: h1.search-header__title]]>
            </line>
          </reporter-output>
        </test-method> <!-- verifyJobSearchResultUsingDifferentDataSet -->
        <test-method status="PASS" signature="tearDown()[pri:0, instance:com.cvlibrary.demo.testsuite.JobSearchTest@6895a785]" name="tearDown" is-config="true" duration-ms="1045" started-at="2023-06-27T20:46:31 BST" finished-at="2023-06-27T20:46:32 BST">
          <reporter-output>
          </reporter-output>
        </test-method> <!-- tearDown -->
        <test-method status="PASS" signature="setUp()[pri:0, instance:com.cvlibrary.demo.testsuite.JobSearchTest@6895a785]" name="setUp" is-config="true" duration-ms="4809" started-at="2023-06-27T20:46:32 BST" finished-at="2023-06-27T20:46:37 BST">
          <reporter-output>
          </reporter-output>
        </test-method> <!-- setUp -->
        <test-method status="PASS" signature="verifyJobSearchResultUsingDifferentDataSet(java.lang.String,java.lang.String,java.lang.String,java.lang.String,java.lang.String,java.lang.String,java.lang.String,java.lang.String)[pri:0, instance:com.cvlibrary.demo.testsuite.JobSearchTest@6895a785]" name="verifyJobSearchResultUsingDifferentDataSet" duration-ms="57986" started-at="2023-06-27T20:46:37 BST" data-provider="jobdata" finished-at="2023-06-27T20:47:35 BST">
          <params>
            <param index="0">
              <value>
                <![CDATA[Test Analyst]]>
              </value>
            </param>
            <param index="1">
              <value>
                <![CDATA[Borehamwood, Hertfordshire]]>
              </value>
            </param>
            <param index="2">
              <value>
                <![CDATA[5 miles]]>
              </value>
            </param>
            <param index="3">
              <value>
                <![CDATA[30000]]>
              </value>
            </param>
            <param index="4">
              <value>
                <![CDATA[50000]]>
              </value>
            </param>
            <param index="5">
              <value>
                <![CDATA[Per annum]]>
              </value>
            </param>
            <param index="6">
              <value>
                <![CDATA[Permanent]]>
              </value>
            </param>
            <param index="7">
              <value>
                <![CDATA[Permanent Test Analyst jobs in Borehamwood]]>
              </value>
            </param>
          </params>
          <reporter-output>
            <line>
              <![CDATA[Job Title:Test Analyst]]>
            </line>
            <line>
              <![CDATA[LocationBy.id: location]]>
            </line>
            <line>
              <![CDATA[Distance DropDown MethodBy.id: distance]]>
            </line>
            <line>
              <![CDATA[More Search option Link MethodBy.cssSelector: div.hp-search-more>#toggle-hp-search]]>
            </line>
            <line>
              <![CDATA[salary min30000]]>
            </line>
            <line>
              <![CDATA[salary Max50000]]>
            </line>
            <line>
              <![CDATA[salary type dropdown methodPer annum]]>
            </line>
            <line>
              <![CDATA[Select Job TypePermanent]]>
            </line>
            <line>
              <![CDATA[Result TextBy.cssSelector: h1.search-header__title]]>
            </line>
          </reporter-output>
        </test-method> <!-- verifyJobSearchResultUsingDifferentDataSet -->
        <test-method status="PASS" signature="tearDown()[pri:0, instance:com.cvlibrary.demo.testsuite.JobSearchTest@6895a785]" name="tearDown" is-config="true" duration-ms="1048" started-at="2023-06-27T20:47:35 BST" finished-at="2023-06-27T20:47:36 BST">
          <reporter-output>
          </reporter-output>
        </test-method> <!-- tearDown -->
        <test-method status="PASS" signature="setUp()[pri:0, instance:com.cvlibrary.demo.testsuite.JobSearchTest@6895a785]" name="setUp" is-config="true" duration-ms="5260" started-at="2023-06-27T20:47:36 BST" finished-at="2023-06-27T20:47:41 BST">
          <reporter-output>
          </reporter-output>
        </test-method> <!-- setUp -->
        <test-method status="PASS" signature="verifyJobSearchResultUsingDifferentDataSet(java.lang.String,java.lang.String,java.lang.String,java.lang.String,java.lang.String,java.lang.String,java.lang.String,java.lang.String)[pri:0, instance:com.cvlibrary.demo.testsuite.JobSearchTest@6895a785]" name="verifyJobSearchResultUsingDifferentDataSet" duration-ms="48515" started-at="2023-06-27T20:47:41 BST" data-provider="jobdata" finished-at="2023-06-27T20:48:29 BST">
          <params>
            <param index="0">
              <value>
                <![CDATA[Qa Engineer]]>
              </value>
            </param>
            <param index="1">
              <value>
                <![CDATA[St Albans, Hertfordshire]]>
              </value>
            </param>
            <param index="2">
              <value>
                <![CDATA[5 miles]]>
              </value>
            </param>
            <param index="3">
              <value>
                <![CDATA[30000]]>
              </value>
            </param>
            <param index="4">
              <value>
                <![CDATA[50000]]>
              </value>
            </param>
            <param index="5">
              <value>
                <![CDATA[Per annum]]>
              </value>
            </param>
            <param index="6">
              <value>
                <![CDATA[Permanent]]>
              </value>
            </param>
            <param index="7">
              <value>
                <![CDATA[Permanent Qa Engineer jobs in St Albans]]>
              </value>
            </param>
          </params>
          <reporter-output>
            <line>
              <![CDATA[Job Title:Qa Engineer]]>
            </line>
            <line>
              <![CDATA[LocationBy.id: location]]>
            </line>
            <line>
              <![CDATA[Distance DropDown MethodBy.id: distance]]>
            </line>
            <line>
              <![CDATA[More Search option Link MethodBy.cssSelector: div.hp-search-more>#toggle-hp-search]]>
            </line>
            <line>
              <![CDATA[salary min30000]]>
            </line>
            <line>
              <![CDATA[salary Max50000]]>
            </line>
            <line>
              <![CDATA[salary type dropdown methodPer annum]]>
            </line>
            <line>
              <![CDATA[Select Job TypePermanent]]>
            </line>
            <line>
              <![CDATA[Result TextBy.cssSelector: h1.search-header__title]]>
            </line>
          </reporter-output>
        </test-method> <!-- verifyJobSearchResultUsingDifferentDataSet -->
        <test-method status="PASS" signature="tearDown()[pri:0, instance:com.cvlibrary.demo.testsuite.JobSearchTest@6895a785]" name="tearDown" is-config="true" duration-ms="989" started-at="2023-06-27T20:48:29 BST" finished-at="2023-06-27T20:48:30 BST">
          <reporter-output>
          </reporter-output>
        </test-method> <!-- tearDown -->
        <test-method status="PASS" signature="setUp()[pri:0, instance:com.cvlibrary.demo.testsuite.JobSearchTest@6895a785]" name="setUp" is-config="true" duration-ms="4483" started-at="2023-06-27T20:48:30 BST" finished-at="2023-06-27T20:48:35 BST">
          <reporter-output>
          </reporter-output>
        </test-method> <!-- setUp -->
        <test-method status="FAIL" signature="verifyJobSearchResultUsingDifferentDataSet(java.lang.String,java.lang.String,java.lang.String,java.lang.String,java.lang.String,java.lang.String,java.lang.String,java.lang.String)[pri:0, instance:com.cvlibrary.demo.testsuite.JobSearchTest@6895a785]" name="verifyJobSearchResultUsingDifferentDataSet" duration-ms="22592" started-at="2023-06-27T20:48:35 BST" data-provider="jobdata" finished-at="2023-06-27T20:48:57 BST">
          <params>
            <param index="0">
              <value>
                <![CDATA[Automation Tester]]>
              </value>
            </param>
            <param index="1">
              <value>
                <![CDATA[Watford, Hertfordshire]]>
              </value>
            </param>
            <param index="2">
              <value>
                <![CDATA[5 miles]]>
              </value>
            </param>
            <param index="3">
              <value>
                <![CDATA[30000]]>
              </value>
            </param>
            <param index="4">
              <value>
                <![CDATA[50000]]>
              </value>
            </param>
            <param index="5">
              <value>
                <![CDATA[Per annum]]>
              </value>
            </param>
            <param index="6">
              <value>
                <![CDATA[Permanent]]>
              </value>
            </param>
            <param index="7">
              <value>
                <![CDATA[Permanent Automation Tester jobs in Watford]]>
              </value>
            </param>
          </params>
          <exception class="org.openqa.selenium.WebDriverException">
            <message>
              <![CDATA[unknown error: cannot determine loading status
from no such window
  (Session info: chrome=114.0.5735.134)
Build info: version: '4.9.0', revision: 'd7057100a6'
System info: os.name: 'Windows 10', os.arch: 'amd64', os.version: '10.0', java.version: '1.8.0_121'
Driver info: org.openqa.selenium.chrome.ChromeDriver
Command: [642dc47ec6f58cb2fe2d2e33ab4afe29, findElement {using=css selector, value=h1.search-header__title}]
Capabilities {acceptInsecureCerts: false, browserName: chrome, browserVersion: 114.0.5735.134, chrome: {chromedriverVersion: 114.0.5735.90 (386bc09e8f4f..., userDataDir: C:\Users\punam\AppData\Loca...}, goog:chromeOptions: {debuggerAddress: localhost:61356}, networkConnectionEnabled: false, pageLoadStrategy: normal, platformName: WINDOWS, proxy: Proxy(), se:cdp: ws://localhost:61356/devtoo..., se:cdpVersion: 114.0.5735.134, setWindowRect: true, strictFileInteractability: false, timeouts: {implicit: 0, pageLoad: 300000, script: 30000}, unhandledPromptBehavior: dismiss and notify, webauthn:extension:credBlob: true, webauthn:extension:largeBlob: true, webauthn:extension:minPinLength: true, webauthn:extension:prf: true, webauthn:virtualAuthenticators: true}
Session ID: 642dc47ec6f58cb2fe2d2e33ab4afe29]]>
            </message>
            <full-stacktrace>
              <![CDATA[org.openqa.selenium.WebDriverException: unknown error: cannot determine loading status
from no such window
  (Session info: chrome=114.0.5735.134)
Build info: version: '4.9.0', revision: 'd7057100a6'
System info: os.name: 'Windows 10', os.arch: 'amd64', os.version: '10.0', java.version: '1.8.0_121'
Driver info: org.openqa.selenium.chrome.ChromeDriver
Command: [642dc47ec6f58cb2fe2d2e33ab4afe29, findElement {using=css selector, value=h1.search-header__title}]
Capabilities {acceptInsecureCerts: false, browserName: chrome, browserVersion: 114.0.5735.134, chrome: {chromedriverVersion: 114.0.5735.90 (386bc09e8f4f..., userDataDir: C:\Users\punam\AppData\Loca...}, goog:chromeOptions: {debuggerAddress: localhost:61356}, networkConnectionEnabled: false, pageLoadStrategy: normal, platformName: WINDOWS, proxy: Proxy(), se:cdp: ws://localhost:61356/devtoo..., se:cdpVersion: 114.0.5735.134, setWindowRect: true, strictFileInteractability: false, timeouts: {implicit: 0, pageLoad: 300000, script: 30000}, unhandledPromptBehavior: dismiss and notify, webauthn:extension:credBlob: true, webauthn:extension:largeBlob: true, webauthn:extension:minPinLength: true, webauthn:extension:prf: true, webauthn:virtualAuthenticators: true}
Session ID: 642dc47ec6f58cb2fe2d2e33ab4afe29
at sun.reflect.NativeConstructorAccessorImpl.newInstance0(Native Method)
at sun.reflect.NativeConstructorAccessorImpl.newInstance(NativeConstructorAccessorImpl.java:62)
at sun.reflect.DelegatingConstructorAccessorImpl.newInstance(DelegatingConstructorAccessorImpl.java:45)
at java.lang.reflect.Constructor.newInstance(Constructor.java:423)
at org.openqa.selenium.remote.codec.w3c.W3CHttpResponseCodec.createException(W3CHttpResponseCodec.java:200)
at org.openqa.selenium.remote.codec.w3c.W3CHttpResponseCodec.decode(W3CHttpResponseCodec.java:133)
at org.openqa.selenium.remote.codec.w3c.W3CHttpResponseCodec.decode(W3CHttpResponseCodec.java:53)
at org.openqa.selenium.remote.HttpCommandExecutor.execute(HttpCommandExecutor.java:193)
at org.openqa.selenium.remote.service.DriverCommandExecutor.invokeExecute(DriverCommandExecutor.java:183)
at org.openqa.selenium.remote.service.DriverCommandExecutor.execute(DriverCommandExecutor.java:158)
at org.openqa.selenium.remote.RemoteWebDriver.execute(RemoteWebDriver.java:543)
at org.openqa.selenium.remote.ElementLocation$ElementFinder$2.findElement(ElementLocation.java:162)
at org.openqa.selenium.remote.ElementLocation.findElement(ElementLocation.java:60)
at org.openqa.selenium.remote.RemoteWebDriver.findElement(RemoteWebDriver.java:352)
at org.openqa.selenium.remote.RemoteWebDriver.findElement(RemoteWebDriver.java:344)
at com.cvlibrary.pages.ResultPage.resultText(ResultPage.java:19)
at com.cvlibrary.demo.testsuite.JobSearchTest.verifyJobSearchResultUsingDifferentDataSet(JobSearchTest.java:28)
at sun.reflect.NativeMethodAccessorImpl.invoke0(Native Method)
at sun.reflect.NativeMethodAccessorImpl.invoke(NativeMethodAccessorImpl.java:62)
at sun.reflect.DelegatingMethodAccessorImpl.invoke(DelegatingMethodAccessorImpl.java:43)
at java.lang.reflect.Method.invoke(Method.java:498)
at org.testng.internal.invokers.MethodInvocationHelper.invokeMethod(MethodInvocationHelper.java:135)
at org.testng.internal.invokers.TestInvoker.invokeMethod(TestInvoker.java:673)
at org.testng.internal.invokers.TestInvoker.invokeTestMethod(TestInvoker.java:220)
at org.testng.internal.invokers.MethodRunner.runInSequence(MethodRunner.java:50)
at org.testng.internal.invokers.TestInvoker$MethodInvocationAgent.invoke(TestInvoker.java:945)
at org.testng.internal.invokers.TestInvoker.invokeTestMethods(TestInvoker.java:193)
at org.testng.internal.invokers.TestMethodWorker.invokeTestMethods(TestMethodWorker.java:146)
at org.testng.internal.invokers.TestMethodWorker.run(TestMethodWorker.java:128)
at java.util.ArrayList.forEach(ArrayList.java:1249)
at org.testng.TestRunner.privateRun(TestRunner.java:808)
at org.testng.TestRunner.run(TestRunner.java:603)
at org.testng.SuiteRunner.runTest(SuiteRunner.java:429)
at org.testng.SuiteRunner.runSequentially(SuiteRunner.java:423)
at org.testng.SuiteRunner.privateRun(SuiteRunner.java:383)
at org.testng.SuiteRunner.run(SuiteRunner.java:326)
at org.testng.SuiteRunnerWorker.runSuite(SuiteRunnerWorker.java:52)
at org.testng.SuiteRunnerWorker.run(SuiteRunnerWorker.java:95)
at org.testng.TestNG.runSuitesSequentially(TestNG.java:1249)
at org.testng.TestNG.runSuitesLocally(TestNG.java:1169)
at org.testng.TestNG.runSuites(TestNG.java:1092)
at org.testng.TestNG.run(TestNG.java:1060)
at com.intellij.rt.testng.IDEARemoteTestNG.run(IDEARemoteTestNG.java:66)
at com.intellij.rt.testng.RemoteTestNGStarter.main(RemoteTestNGStarter.java:105)
]]>
            </full-stacktrace>
          </exception> <!-- org.openqa.selenium.WebDriverException -->
          <reporter-output>
            <line>
              <![CDATA[Job Title:Automation Tester]]>
            </line>
            <line>
              <![CDATA[LocationBy.id: location]]>
            </line>
            <line>
              <![CDATA[Distance DropDown MethodBy.id: distance]]>
            </line>
            <line>
              <![CDATA[More Search option Link MethodBy.cssSelector: div.hp-search-more>#toggle-hp-search]]>
            </line>
            <line>
              <![CDATA[salary min30000]]>
            </line>
            <line>
              <![CDATA[salary Max50000]]>
            </line>
            <line>
              <![CDATA[salary type dropdown methodPer annum]]>
            </line>
            <line>
              <![CDATA[Select Job TypePermanent]]>
            </line>
            <line>
              <![CDATA[Result TextBy.cssSelector: h1.search-header__title]]>
            </line>
          </reporter-output>
        </test-method> <!-- verifyJobSearchResultUsingDifferentDataSet -->
        <test-method status="PASS" signature="tearDown()[pri:0, instance:com.cvlibrary.demo.testsuite.JobSearchTest@6895a785]" name="tearDown" is-config="true" duration-ms="876" started-at="2023-06-27T20:48:57 BST" finished-at="2023-06-27T20:48:58 BST">
          <reporter-output>
          </reporter-output>
        </test-method> <!-- tearDown -->
      </class> <!-- com.cvlibrary.demo.testsuite.JobSearchTest -->
    </test> <!-- Login Test -->
  </suite> <!-- testsuite -->
</testng-results>
