<?xml version="1.0" encoding="UTF-8"?>
<!-- Generated by org.testng.reporters.JUnitXMLReporter -->
<testsuite hostname="DESKTOP-5FCGI5N" ignored="5" name="CV_Libraray" tests="1" failures="1" timestamp="2023-06-23T23:09:01 BST" time="12.756" errors="0">
  <testcase name="sixthDataSet" time="3.236" classname="com.cvlibrary.demo.testsuite.JobSearchTest">
    <failure type="java.lang.AssertionError" message="expected [Permanent Tester jobs in Harrow on the Hills] but found [Permanent Tester jobs in Harrow on the Hill]">
      <![CDATA[java.lang.AssertionError: expected [Permanent Tester jobs in Harrow on the Hills] but found [Permanent Tester jobs in Harrow on the Hill]
at com.cvlibrary.pages.ResultPage.resultText(ResultPage.java:20)
at com.cvlibrary.demo.testsuite.JobSearchTest.verifyJobSearchResultUsingDifferentDataSet(JobSearchTest.java:27)
at com.cvlibrary.demo.testsuite.JobSearchTest.sixthDataSet(JobSearchTest.java:53)
at java.util.ArrayList.forEach(ArrayList.java:1249)
at com.intellij.rt.testng.IDEARemoteTestNG.run(IDEARemoteTestNG.java:66)
at com.intellij.rt.testng.RemoteTestNGStarter.main(RemoteTestNGStarter.java:105)
... Removed 30 stack frames]]>
    </failure>
  </testcase> <!-- sixthDataSet -->
  <testcase name="fourthDataSet" time="0.0" classname="com.cvlibrary.demo.testsuite.JobSearchTest">
    <ignored/>
  </testcase> <!-- fourthDataSet -->
  <testcase name="thirdDataSet" time="0.0" classname="com.cvlibrary.demo.testsuite.JobSearchTest">
    <ignored/>
  </testcase> <!-- thirdDataSet -->
  <testcase name="firstDataSet" time="0.0" classname="com.cvlibrary.demo.testsuite.JobSearchTest">
    <ignored/>
  </testcase> <!-- firstDataSet -->
  <testcase name="fifthDataSet" time="0.0" classname="com.cvlibrary.demo.testsuite.JobSearchTest">
    <ignored/>
  </testcase> <!-- fifthDataSet -->
  <testcase name="secondDataSet" time="0.0" classname="com.cvlibrary.demo.testsuite.JobSearchTest">
    <ignored/>
  </testcase> <!-- secondDataSet -->
</testsuite> <!-- CV_Libraray -->
